<?xml version="1.0" encoding="UTF-8"?>
<testng-results skipped="0" failed="0" total="1" passed="1">
  <reporter-output>
  </reporter-output>
  <suite name="Suite" duration-ms="23" started-at="2020-04-14T15:42:57Z" finished-at="2020-04-14T15:42:57Z">
    <groups>
    </groups>
    <test name="Test" duration-ms="23" started-at="2020-04-14T15:42:57Z" finished-at="2020-04-14T15:42:57Z">
      <class name="com.infy.test">
        <test-method status="PASS" signature="f()[pri:0, instance:com.infy.test@8bd1b6a]" name="f" duration-ms="7" started-at="2020-04-14T21:12:57Z" finished-at="2020-04-14T21:12:57Z">
          <reporter-output>
          </reporter-output>
        </test-method> <!-- f -->
      </class> <!-- com.infy.test -->
    </test> <!-- Test -->
  </suite> <!-- Suite -->
</testng-results>
